\BOOKMARK [1][-]{section.1}{State Taxes}{}% 1
\BOOKMARK [1][-]{section.2}{Grants}{}% 2
\BOOKMARK [2][-]{subsection.2.1}{Medicaid NIPA's}{section.2}% 3
\BOOKMARK [2][-]{subsection.2.2}{Federal Medicaid grants}{section.2}% 4
\BOOKMARK [2][-]{subsection.2.3}{All Non-medicaid grants}{section.2}% 5
\BOOKMARK [2][-]{subsection.2.4}{BEA legislation grants}{section.2}% 6
\BOOKMARK [2][-]{subsection.2.5}{Non-medicaid grants excluding legislation}{section.2}% 7
\BOOKMARK [2][-]{subsection.2.6}{Our estimate of legislation grants}{section.2}% 8
\BOOKMARK [2][-]{subsection.2.7}{All grants to states}{section.2}% 9
\BOOKMARK [2][-]{subsection.2.8}{Consumption grants}{section.2}% 10
\BOOKMARK [1][-]{section.3}{State purchases}{}% 11
\BOOKMARK [2][-]{subsection.3.1}{Real}{section.3}% 12
\BOOKMARK [2][-]{subsection.3.2}{Nominal}{section.3}% 13
\BOOKMARK [1][-]{section.4}{State Social Benefits \(FIM Definition\)}{}% 14
\BOOKMARK [1][-]{section.5}{FIM State Health Outlays}{}% 15
\BOOKMARK [1][-]{section.6}{Federal social benefits}{}% 16
\BOOKMARK [2][-]{subsection.6.1}{Medicare}{section.6}% 17
\BOOKMARK [2][-]{subsection.6.2}{Unemployment Insurance}{section.6}% 18
\BOOKMARK [2][-]{subsection.6.3}{Remainder}{section.6}% 19
\BOOKMARK [2][-]{subsection.6.4}{PPP}{section.6}% 20
\BOOKMARK [1][-]{section.7}{Subsidies}{}% 21
\BOOKMARK [1][-]{section.8}{Add factors}{}% 22
